# JRE version: OpenJDK Runtime Environment (8.0_242-b01) (build 1.8.0_242-release-1644-b01)
# Java VM: OpenJDK 64-Bit Server VM (25.242-b01 mixed mode windows-amd64 compressed oops)
Heap:
 PSYoungGen      total 35328K, used 21994K [0x00000000eab00000, 0x00000000ed980000, 0x0000000100000000)
  eden space 24064K, 73% used [0x00000000eab00000,0x00000000ebc52338,0x00000000ec280000)
  from space 11264K, 37% used [0x00000000ece80000,0x00000000ed2a84f8,0x00000000ed980000)
  to   space 11776K, 0% used [0x00000000ec280000,0x00000000ec280000,0x00000000ece00000)
 ParOldGen       total 52224K, used 24721K [0x00000000c0000000, 0x00000000c3300000, 0x00000000eab00000)
  object space 52224K, 47% used [0x00000000c0000000,0x00000000c1824768,0x00000000c3300000)
 Metaspace       used 55130K, capacity 56626K, committed 56704K, reserved 1097728K
  class space    used 7406K, capacity 7756K, committed 7808K, reserved 1048576K
GC Heap History (10 events):
Event: 129.487 GC heap before
{Heap before GC invocations=18 (full 2):
 PSYoungGen      total 34304K, used 33883K [0x00000000eab00000, 0x00000000ed900000, 0x0000000100000000)
  eden space 27648K, 100% used [0x00000000eab00000,0x00000000ec600000,0x00000000ec600000)
  from space 6656K, 93% used [0x00000000ec680000,0x00000000ecc96ec0,0x00000000ecd00000)
  to   space 9728K, 0% used [0x00000000ecf80000,0x00000000ecf80000,0x00000000ed900000)
 ParOldGen       total 52224K, used 15076K [0x00000000c0000000, 0x00000000c3300000, 0x00000000eab00000)
  object space 52224K, 28% used [0x00000000c0000000,0x00000000c0eb9140,0x00000000c3300000)
 Metaspace       used 45601K, capacity 46652K, committed 46848K, reserved 1089536K
  class space    used 6118K, capacity 6374K, committed 6400K, reserved 1048576K
Event: 129.510 GC heap after
Heap after GC invocations=18 (full 2):
 PSYoungGen      total 36352K, used 9239K [0x00000000eab00000, 0x00000000eda80000, 0x0000000100000000)
  eden space 26624K, 0% used [0x00000000eab00000,0x00000000eab00000,0x00000000ec500000)
  from space 9728K, 94% used [0x00000000ecf80000,0x00000000ed885ee8,0x00000000ed900000)
  to   space 10752K, 0% used [0x00000000ec500000,0x00000000ec500000,0x00000000ecf80000)
 ParOldGen       total 52224K, used 15084K [0x00000000c0000000, 0x00000000c3300000, 0x00000000eab00000)
  object space 52224K, 28% used [0x00000000c0000000,0x00000000c0ebb140,0x00000000c3300000)
 Metaspace       used 45601K, capacity 46652K, committed 46848K, reserved 1089536K
  class space    used 6118K, capacity 6374K, committed 6400K, reserved 1048576K
}
Event: 131.608 GC heap before
{Heap before GC invocations=19 (full 2):
 PSYoungGen      total 36352K, used 35863K [0x00000000eab00000, 0x00000000eda80000, 0x0000000100000000)
  eden space 26624K, 100% used [0x00000000eab00000,0x00000000ec500000,0x00000000ec500000)
  from space 9728K, 94% used [0x00000000ecf80000,0x00000000ed885ee8,0x00000000ed900000)
  to   space 10752K, 0% used [0x00000000ec500000,0x00000000ec500000,0x00000000ecf80000)
 ParOldGen       total 52224K, used 15084K [0x00000000c0000000, 0x00000000c3300000, 0x00000000eab00000)
  object space 52224K, 28% used [0x00000000c0000000,0x00000000c0ebb140,0x00000000c3300000)
 Metaspace       used 46326K, capacity 47380K, committed 47744K, reserved 1091584K
  class space    used 6220K, capacity 6509K, committed 6528K, reserved 1048576K
Event: 131.637 GC heap after
Heap after GC invocations=19 (full 2):
 PSYoungGen      total 36864K, used 9391K [0x00000000eab00000, 0x00000000eda80000, 0x0000000100000000)
  eden space 26112K, 0% used [0x00000000eab00000,0x00000000eab00000,0x00000000ec480000)
  from space 10752K, 87% used [0x00000000ec500000,0x00000000ece2bd60,0x00000000ecf80000)
  to   space 11264K, 0% used [0x00000000ecf80000,0x00000000ecf80000,0x00000000eda80000)
 ParOldGen       total 52224K, used 15092K [0x00000000c0000000, 0x00000000c3300000, 0x00000000eab00000)
  object space 52224K, 28% used [0x00000000c0000000,0x00000000c0ebd140,0x00000000c3300000)
 Metaspace       used 46326K, capacity 47380K, committed 47744K, reserved 1091584K
  class space    used 6220K, capacity 6509K, committed 6528K, reserved 1048576K
}
Event: 138.166 GC heap before
{Heap before GC invocations=20 (full 2):
 PSYoungGen      total 36864K, used 35503K [0x00000000eab00000, 0x00000000eda80000, 0x0000000100000000)
  eden space 26112K, 100% used [0x00000000eab00000,0x00000000ec480000,0x00000000ec480000)
  from space 10752K, 87% used [0x00000000ec500000,0x00000000ece2bd60,0x00000000ecf80000)
  to   space 11264K, 0% used [0x00000000ecf80000,0x00000000ecf80000,0x00000000eda80000)
 ParOldGen       total 52224K, used 15092K [0x00000000c0000000, 0x00000000c3300000, 0x00000000eab00000)
  object space 52224K, 28% used [0x00000000c0000000,0x00000000c0ebd140,0x00000000c3300000)
 Metaspace       used 49589K, capacity 50872K, committed 51072K, reserved 1093632K
  class space    used 6685K, capacity 7007K, committed 7040K, reserved 1048576K
Event: 138.184 GC heap after
Heap after GC invocations=20 (full 2):
 PSYoungGen      total 36352K, used 9684K [0x00000000eab00000, 0x00000000edc00000, 0x0000000100000000)
  eden space 25088K, 0% used [0x00000000eab00000,0x00000000eab00000,0x00000000ec380000)
  from space 11264K, 85% used [0x00000000ecf80000,0x00000000ed8f5200,0x00000000eda80000)
  to   space 12288K, 0% used [0x00000000ec380000,0x00000000ec380000,0x00000000ecf80000)
 ParOldGen       total 52224K, used 17412K [0x00000000c0000000, 0x00000000c3300000, 0x00000000eab00000)
  object space 52224K, 33% used [0x00000000c0000000,0x00000000c1101040,0x00000000c3300000)
 Metaspace       used 49589K, capacity 50872K, committed 51072K, reserved 1093632K
  class space    used 6685K, capacity 7007K, committed 7040K, reserved 1048576K
}
Event: 140.318 GC heap before
{Heap before GC invocations=21 (full 2):
 PSYoungGen      total 36352K, used 34772K [0x00000000eab00000, 0x00000000edc00000, 0x0000000100000000)
  eden space 25088K, 100% used [0x00000000eab00000,0x00000000ec380000,0x00000000ec380000)
  from space 11264K, 85% used [0x00000000ecf80000,0x00000000ed8f5200,0x00000000eda80000)
  to   space 12288K, 0% used [0x00000000ec380000,0x00000000ec380000,0x00000000ecf80000)
 ParOldGen       total 52224K, used 17412K [0x00000000c0000000, 0x00000000c3300000, 0x00000000eab00000)
  object space 52224K, 33% used [0x00000000c0000000,0x00000000c1101040,0x00000000c3300000)
 Metaspace       used 51135K, capacity 52472K, committed 52608K, reserved 1095680K
  class space    used 6868K, capacity 7199K, committed 7296K, reserved 1048576K
Event: 140.335 GC heap after
Heap after GC invocations=21 (full 2):
 PSYoungGen      total 30208K, used 5574K [0x00000000eab00000, 0x00000000eda00000, 0x0000000100000000)
  eden space 24576K, 0% used [0x00000000eab00000,0x00000000eab00000,0x00000000ec300000)
  from space 5632K, 98% used [0x00000000ec380000,0x00000000ec8f1ba0,0x00000000ec900000)
  to   space 11776K, 0% used [0x00000000ece80000,0x00000000ece80000,0x00000000eda00000)
 ParOldGen       total 52224K, used 21907K [0x00000000c0000000, 0x00000000c3300000, 0x00000000eab00000)
  object space 52224K, 41% used [0x00000000c0000000,0x00000000c1564f48,0x00000000c3300000)
 Metaspace       used 51135K, capacity 52472K, committed 52608K, reserved 1095680K
  class space    used 6868K, capacity 7199K, committed 7296K, reserved 1048576K
}
Event: 146.486 GC heap before
{Heap before GC invocations=22 (full 2):
 PSYoungGen      total 30208K, used 30150K [0x00000000eab00000, 0x00000000eda00000, 0x0000000100000000)
  eden space 24576K, 100% used [0x00000000eab00000,0x00000000ec300000,0x00000000ec300000)
  from space 5632K, 98% used [0x00000000ec380000,0x00000000ec8f1ba0,0x00000000ec900000)
  to   space 11776K, 0% used [0x00000000ece80000,0x00000000ece80000,0x00000000eda00000)
 ParOldGen       total 52224K, used 21907K [0x00000000c0000000, 0x00000000c3300000, 0x00000000eab00000)
  object space 52224K, 41% used [0x00000000c0000000,0x00000000c1564f48,0x00000000c3300000)
 Metaspace       used 53264K, capacity 54758K, committed 55040K, reserved 1097728K
  class space    used 7189K, capacity 7606K, committed 7680K, reserved 1048576K
Event: 146.508 GC heap after
Heap after GC invocations=22 (full 2):
 PSYoungGen      total 35328K, used 4257K [0x00000000eab00000, 0x00000000ed980000, 0x0000000100000000)
  eden space 24064K, 0% used [0x00000000eab00000,0x00000000eab00000,0x00000000ec280000)
  from space 11264K, 37% used [0x00000000ece80000,0x00000000ed2a84f8,0x00000000ed980000)
  to   space 11776K, 0% used [0x00000000ec280000,0x00000000ec280000,0x00000000ece00000)
 ParOldGen       total 52224K, used 24721K [0x00000000c0000000, 0x00000000c3300000, 0x00000000eab00000)
  object space 52224K, 47% used [0x00000000c0000000,0x00000000c1824768,0x00000000c3300000)
 Metaspace       used 53264K, capacity 54758K, committed 55040K, reserved 1097728K
  class space    used 7189K, capacity 7606K, committed 7680K, reserved 1048576K
}

